<?xml version="1.0" encoding="UTF-8"?>
<testng-results ignored="0" total="1" passed="1" failed="0" skipped="0">
  <reporter-output>
  </reporter-output>
  <suite started-at="2025-09-18T00:02:40 EDT" name="Default suite" finished-at="2025-09-18T00:03:43 EDT" duration-ms="63006">
    <groups>
    </groups>
    <test started-at="2025-09-18T00:02:40 EDT" name="Default test" finished-at="2025-09-18T00:03:43 EDT" duration-ms="63006">
      <class name="TestCases.CompletePurchase">
        <test-method is-config="true" signature="ConfigureAppium()[pri:0, instance:TestCases.CompletePurchase@7c7a06ec]" started-at="2025-09-18T00:02:40 EDT" name="ConfigureAppium" finished-at="2025-09-18T00:02:45 EDT" duration-ms="5475" status="PASS">
          <reporter-output>
          </reporter-output>
        </test-method> <!-- ConfigureAppium -->
        <test-method signature="CompletePurchaseTest()[pri:0, instance:TestCases.CompletePurchase@7c7a06ec]" started-at="2025-09-18T00:02:45 EDT" name="CompletePurchaseTest" finished-at="2025-09-18T00:03:42 EDT" duration-ms="56740" status="PASS">
          <reporter-output>
          </reporter-output>
        </test-method> <!-- CompletePurchaseTest -->
        <test-method is-config="true" signature="tearDown()[pri:0, instance:TestCases.CompletePurchase@7c7a06ec]" started-at="2025-09-18T00:03:42 EDT" name="tearDown" finished-at="2025-09-18T00:03:43 EDT" duration-ms="746" status="PASS">
          <reporter-output>
          </reporter-output>
        </test-method> <!-- tearDown -->
      </class> <!-- TestCases.CompletePurchase -->
    </test> <!-- Default test -->
  </suite> <!-- Default suite -->
</testng-results>
